0 info it worked if it ends with ok
1 verbose cli [ 'C:\\Program Files\\nodejs\\node.exe',
1 verbose cli   'C:\\Program Files\\nodejs\\node_modules\\npm\\bin\\npm-cli.js',
1 verbose cli   'start' ]
2 info using npm@3.8.3
3 info using node@v5.10.1
4 verbose run-script [ 'prestart', 'start', 'poststart' ]
5 info lifecycle TinyAppsDev-Client@0.0.1~prestart: TinyAppsDev-Client@0.0.1
6 silly lifecycle TinyAppsDev-Client@0.0.1~prestart: no script for prestart, continuing
7 info lifecycle TinyAppsDev-Client@0.0.1~start: TinyAppsDev-Client@0.0.1
8 verbose lifecycle TinyAppsDev-Client@0.0.1~start: unsafe-perm in lifecycle true
9 verbose lifecycle TinyAppsDev-Client@0.0.1~start: PATH: C:\Program Files\nodejs\node_modules\npm\bin\node-gyp-bin;D:\webnew\tinyappsdev\client\node_modules\.bin;C:\Program Files\nodejs;C:\ProgramData\Oracle\Java\javapath;C:\Program Files (x86)\ActiveState Komodo Edit 9\;C:\Windows\system32;C:\Windows;C:\Windows\System32\Wbem;C:\Windows\System32\WindowsPowerShell\v1.0\;C:\Program Files (x86)\Windows Kits\8.1\Windows Performance Toolkit\;C:\Program Files\Microsoft SQL Server\110\Tools\Binn\;C:\Program Files\nodejs\;C:\Program Files (x86)\Windows Kits\10\Windows Performance Toolkit\;C:\Program Files\Git\cmd;C:\Python27;C:\dev\v8;C:\Windows\system32\config\systemprofile\.dnx\bin;C:\Program Files\Microsoft DNX\Dnvm\;C:\Program Files\Microsoft SQL Server\120\Tools\Binn\;C:\Users\pk\AppData\Roaming\npm
10 verbose lifecycle TinyAppsDev-Client@0.0.1~start: CWD: D:\webnew\tinyappsdev\client
11 silly lifecycle TinyAppsDev-Client@0.0.1~start: Args: [ '/d /s /c',
11 silly lifecycle   'webpack-dev-server --host 0.0.0.0 --config front.dev.js --inline --content-base .' ]
12 silly lifecycle TinyAppsDev-Client@0.0.1~start: Returned: code: 1  signal: null
13 info lifecycle TinyAppsDev-Client@0.0.1~start: Failed to exec start script
14 verbose stack Error: TinyAppsDev-Client@0.0.1 start: `webpack-dev-server --host 0.0.0.0 --config front.dev.js --inline --content-base .`
14 verbose stack Exit status 1
14 verbose stack     at EventEmitter.<anonymous> (C:\Program Files\nodejs\node_modules\npm\lib\utils\lifecycle.js:239:16)
14 verbose stack     at emitTwo (events.js:100:13)
14 verbose stack     at EventEmitter.emit (events.js:185:7)
14 verbose stack     at ChildProcess.<anonymous> (C:\Program Files\nodejs\node_modules\npm\lib\utils\spawn.js:24:14)
14 verbose stack     at emitTwo (events.js:100:13)
14 verbose stack     at ChildProcess.emit (events.js:185:7)
14 verbose stack     at maybeClose (internal/child_process.js:850:16)
14 verbose stack     at Process.ChildProcess._handle.onexit (internal/child_process.js:215:5)
15 verbose pkgid TinyAppsDev-Client@0.0.1
16 verbose cwd D:\webnew\tinyappsdev\client
17 error Windows_NT 10.0.10586
18 error argv "C:\\Program Files\\nodejs\\node.exe" "C:\\Program Files\\nodejs\\node_modules\\npm\\bin\\npm-cli.js" "start"
19 error node v5.10.1
20 error npm  v3.8.3
21 error code ELIFECYCLE
22 error TinyAppsDev-Client@0.0.1 start: `webpack-dev-server --host 0.0.0.0 --config front.dev.js --inline --content-base .`
22 error Exit status 1
23 error Failed at the TinyAppsDev-Client@0.0.1 start script 'webpack-dev-server --host 0.0.0.0 --config front.dev.js --inline --content-base .'.
23 error Make sure you have the latest version of node.js and npm installed.
23 error If you do, this is most likely a problem with the TinyAppsDev-Client package,
23 error not with npm itself.
23 error Tell the author that this fails on your system:
23 error     webpack-dev-server --host 0.0.0.0 --config front.dev.js --inline --content-base .
23 error You can get information on how to open an issue for this project with:
23 error     npm bugs TinyAppsDev-Client
23 error Or if that isn't available, you can get their info via:
23 error     npm owner ls TinyAppsDev-Client
23 error There is likely additional logging output above.
24 verbose exit [ 1, true ]
